0 info it worked if it ends with ok
1 verbose cli [ '/Users/ziqzhou/.nvm/versions/node/v6.7.0/bin/node',
1 verbose cli   '/Users/ziqzhou/.nvm/versions/node/v6.7.0/bin/npm',
1 verbose cli   'start' ]
2 info using npm@3.10.3
3 info using node@v6.7.0
4 verbose run-script [ 'prestart', 'start', 'poststart' ]
5 info lifecycle watchatbot@1.0.0~prestart: watchatbot@1.0.0
6 silly lifecycle watchatbot@1.0.0~prestart: no script for prestart, continuing
7 info lifecycle watchatbot@1.0.0~start: watchatbot@1.0.0
8 verbose lifecycle watchatbot@1.0.0~start: unsafe-perm in lifecycle true
9 verbose lifecycle watchatbot@1.0.0~start: PATH: /Users/ziqzhou/.nvm/versions/node/v6.7.0/lib/node_modules/npm/bin/node-gyp-bin:/Users/ziqzhou/ZZQ/EngHack2016/WatChatBot-Desktop/node_modules/.bin:/Users/ziqzhou/.nvm/versions/node/v6.7.0/bin:/Users/ziqzhou/.nvm/versions/node/v6.7.0/bin:/Users/ziqzhou/anaconda/bin:/usr/local/bin:/usr/bin:/bin:/usr/sbin:/sbin
10 verbose lifecycle watchatbot@1.0.0~start: CWD: /Users/ziqzhou/ZZQ/EngHack2016/WatChatBot-Desktop
11 silly lifecycle watchatbot@1.0.0~start: Args: [ '-c', 'node app.js' ]
12 silly lifecycle watchatbot@1.0.0~start: Returned: code: 1  signal: null
13 info lifecycle watchatbot@1.0.0~start: Failed to exec start script
14 verbose stack Error: watchatbot@1.0.0 start: `node app.js`
14 verbose stack Exit status 1
14 verbose stack     at EventEmitter.<anonymous> (/Users/ziqzhou/.nvm/versions/node/v6.7.0/lib/node_modules/npm/lib/utils/lifecycle.js:242:16)
14 verbose stack     at emitTwo (events.js:106:13)
14 verbose stack     at EventEmitter.emit (events.js:191:7)
14 verbose stack     at ChildProcess.<anonymous> (/Users/ziqzhou/.nvm/versions/node/v6.7.0/lib/node_modules/npm/lib/utils/spawn.js:40:14)
14 verbose stack     at emitTwo (events.js:106:13)
14 verbose stack     at ChildProcess.emit (events.js:191:7)
14 verbose stack     at maybeClose (internal/child_process.js:877:16)
14 verbose stack     at Process.ChildProcess._handle.onexit (internal/child_process.js:226:5)
15 verbose pkgid watchatbot@1.0.0
16 verbose cwd /Users/ziqzhou/ZZQ/EngHack2016/WatChatBot-Desktop
17 error Darwin 15.6.0
18 error argv "/Users/ziqzhou/.nvm/versions/node/v6.7.0/bin/node" "/Users/ziqzhou/.nvm/versions/node/v6.7.0/bin/npm" "start"
19 error node v6.7.0
20 error npm  v3.10.3
21 error code ELIFECYCLE
22 error watchatbot@1.0.0 start: `node app.js`
22 error Exit status 1
23 error Failed at the watchatbot@1.0.0 start script 'node app.js'.
23 error Make sure you have the latest version of node.js and npm installed.
23 error If you do, this is most likely a problem with the watchatbot package,
23 error not with npm itself.
23 error Tell the author that this fails on your system:
23 error     node app.js
23 error You can get information on how to open an issue for this project with:
23 error     npm bugs watchatbot
23 error Or if that isn't available, you can get their info via:
23 error     npm owner ls watchatbot
23 error There is likely additional logging output above.
24 verbose exit [ 1, true ]
